[www.recapafteruse.co.uk/index.html]
[backblue.gif]
[fade.gif]
[index.html]
[uploads-ssl.webflow.com/5c3a6378e76e088403f168d4/css/recap-after-use.webflow.d365f779c.min.css]
[ajax.googleapis.com/ajax/libs/webfont/1.6.26/webfont.js]
[uploads-ssl.webflow.com/5c3a6378e76e088403f168d4/5c83b9cfaf626269aa103194_fav-icon-slant.png]
[uploads-ssl.webflow.com/5c3a6378e76e088403f168d4/5c810d79f2a0f7bd3837a0e1_web-clip.png]
[www.google.com/recaptcha/api.js]
[uploads-ssl.webflow.com/5c3a6378e76e088403f168d4/5c8057df4f71c1e19f5e15a6_pen-1-2@3x.png]
[uploads-ssl.webflow.com/5c3a6378e76e088403f168d4/5c81317bb78f130f5aaa4789_pen-1-1@3x.png]
[uploads-ssl.webflow.com/5c3a6378e76e088403f168d4/621d18b8d473f29bd5923aef_DSCF4876-edit-3-500.jpg]
[uploads-ssl.webflow.com/5c3a6378e76e088403f168d4/617168e1b70b526e77bcbb44_Artboard 44@3x.png]
[uploads-ssl.webflow.com/5c3a6378e76e088403f168d4/617168e095140668df9c135f_Artboard 43@3x.png]
[uploads-ssl.webflow.com/5c3a6378e76e088403f168d4/5c8244d52147147fd32fa4bc_comp-1-1@2x.png]
[uploads-ssl.webflow.com/5c3a6378e76e088403f168d4/5c826c9be84c612e847394c2_portfolio-video-starberry-mobile.gif]
[uploads-ssl.webflow.com/5c3a6378e76e088403f168d4/5d2c8d5690d75b46d685ac3b_2-1-w.png]
[uploads-ssl.webflow.com/5c3a6378e76e088403f168d4/5d2c8d8a90d75be01585ad0d_2-1-c.png]
[uploads-ssl.webflow.com/5c3a6378e76e088403f168d4/5d2c8b95b1d7892c7e4773fc_2-2-c.png]
[uploads-ssl.webflow.com/5c3a6378e76e088403f168d4/5d2c99c9b1d789b56047d156_3-1-w.png]
[uploads-ssl.webflow.com/5c3a6378e76e088403f168d4/5d2c99c999a6904d0a38359e_3-1-c.png]
[uploads-ssl.webflow.com/5c3a6378e76e088403f168d4/5d2c9a22b1d789339947d22f_3-2-w.png]
[uploads-ssl.webflow.com/5c3a6378e76e088403f168d4/5d2c9a235c7d632a931871f5_3-2-c.png]
[uploads-ssl.webflow.com/5c3a6378e76e088403f168d4/5d2ca12db4a76d566d3424e1_plantpower-screen.jpg]
[uploads-ssl.webflow.com/5c3a6378e76e088403f168d4/5d2c9a232be6ba3588db56c9_3-3-w.png]
[uploads-ssl.webflow.com/5c3a6378e76e088403f168d4/5d2c9a235c7d6348be1871f4_3-3-c.png]
[d3e54v103j8qbb.cloudfront.net/js/jquery-3.5.1.min.dc5e7f18c862ff.js]
[www.recapafteruse.co.uk/index.html]
[uploads-ssl.webflow.com/5c3a6378e76e088403f168d4/js/webflow.baba97947.js]
[uploads-ssl.webflow.com/5c3a6378e76e088403f168d4/5c3a6d445c550c1a8e4b1807_transparent.gif]
[uploads-ssl.webflow.com/5c3a6378e76e088403f168d4/5c8261922301c37ed70d506f_portfolio-video-starberry.gif]
[uploads-ssl.webflow.com/5c3a6378e76e088403f168d4/5c8616fe7c584b8b09e90a0b_shutterstock_294267383.jpg]
[uploads-ssl.webflow.com/5c3a6378e76e088403f168d4/5c8674ca5d3e536d23d69b42_shutterstock_473837758.jpg]
[uploads-ssl.webflow.com/5c3a6378e76e088403f168d4/5c8674cb1a12a51ea6ff43fe_shutterstock_566857030.jpg]
[uploads-ssl.webflow.com/5c3a6378e76e088403f168d4/5c8674cb35ef72b4c8b63cc9_shutterstock_175248566.jpg]
[uploads-ssl.webflow.com/5c3a6378e76e088403f168d4/5d2c8c6b2be6ba6762dad06e_portfolio-video-ascot.gif]
[uploads-ssl.webflow.com/5c3a6378e76e088403f168d4/5f560569b663851ad49184f8_portfolio-video-icg-3.gif]
[uploads-ssl.webflow.com/5c3a6378e76e088403f168d4/61716a0752164bec7454fc1b_portfolio-medtrics-gif.gif]
[uploads-ssl.webflow.com/5c3a6378e76e088403f168d4/css/recap-after-use.webflow.d365f779c.min.css]
[www.recapafteruse.co.uk/colourscope]
